0 info it worked if it ends with ok
<<<<<<< HEAD
1 verbose cli [ '/usr/local/bin/node', '/usr/local/bin/npm', 'start', '--live' ]
2 info using npm@4.1.2
3 info using node@v7.7.1
4 verbose run-script [ 'prestart', 'start', 'poststart' ]
5 info lifecycle intellignet-call-router@0.0.0~prestart: intellignet-call-router@0.0.0
6 verbose lifecycle intellignet-call-router@0.0.0~prestart: unsafe-perm in lifecycle true
7 verbose lifecycle intellignet-call-router@0.0.0~prestart: PATH: /usr/local/lib/node_modules/npm/bin/node-gyp-bin:/home/tringapps-admin/webrtc-flux/node_modules/.bin:/usr/local/sbin:/usr/local/bin:/usr/sbin:/usr/bin:/sbin:/bin
8 verbose lifecycle intellignet-call-router@0.0.0~prestart: CWD: /home/tringapps-admin/webrtc-flux
9 silly lifecycle intellignet-call-router@0.0.0~prestart: Args: [ '-c', 'webpack --config webpack.config.js' ]
10 silly lifecycle intellignet-call-router@0.0.0~prestart: Returned: code: 0  signal: null
11 info lifecycle intellignet-call-router@0.0.0~start: intellignet-call-router@0.0.0
12 verbose lifecycle intellignet-call-router@0.0.0~start: unsafe-perm in lifecycle true
13 verbose lifecycle intellignet-call-router@0.0.0~start: PATH: /usr/local/lib/node_modules/npm/bin/node-gyp-bin:/home/tringapps-admin/webrtc-flux/node_modules/.bin:/usr/local/sbin:/usr/local/bin:/usr/sbin:/usr/bin:/sbin:/bin
14 verbose lifecycle intellignet-call-router@0.0.0~start: CWD: /home/tringapps-admin/webrtc-flux
15 silly lifecycle intellignet-call-router@0.0.0~start: Args: [ '-c', 'node index.js' ]
16 silly lifecycle intellignet-call-router@0.0.0~start: Returned: code: 7  signal: null
17 info lifecycle intellignet-call-router@0.0.0~start: Failed to exec start script
18 verbose stack Error: intellignet-call-router@0.0.0 start: `node index.js`
18 verbose stack Exit status 7
18 verbose stack     at EventEmitter.<anonymous> (/usr/local/lib/node_modules/npm/lib/utils/lifecycle.js:279:16)
18 verbose stack     at emitTwo (events.js:106:13)
18 verbose stack     at EventEmitter.emit (events.js:194:7)
18 verbose stack     at ChildProcess.<anonymous> (/usr/local/lib/node_modules/npm/lib/utils/spawn.js:40:14)
18 verbose stack     at emitTwo (events.js:106:13)
18 verbose stack     at ChildProcess.emit (events.js:194:7)
18 verbose stack     at maybeClose (internal/child_process.js:899:16)
18 verbose stack     at Process.ChildProcess._handle.onexit (internal/child_process.js:226:5)
19 verbose pkgid intellignet-call-router@0.0.0
20 verbose cwd /home/tringapps-admin/webrtc-flux
21 error Linux 4.4.0-75-generic
22 error argv "/usr/local/bin/node" "/usr/local/bin/npm" "start" "--live"
23 error node v7.7.1
24 error npm  v4.1.2
25 error code ELIFECYCLE
26 error intellignet-call-router@0.0.0 start: `node index.js`
26 error Exit status 7
27 error Failed at the intellignet-call-router@0.0.0 start script 'node index.js'.
27 error Make sure you have the latest version of node.js and npm installed.
27 error If you do, this is most likely a problem with the intellignet-call-router package,
27 error not with npm itself.
27 error Tell the author that this fails on your system:
27 error     node index.js
27 error You can get information on how to open an issue for this project with:
27 error     npm bugs intellignet-call-router
27 error Or if that isn't available, you can get their info via:
27 error     npm owner ls intellignet-call-router
27 error There is likely additional logging output above.
28 verbose exit [ 1, true ]
=======
1 verbose cli [ '/usr/local/bin/node',
1 verbose cli   '/usr/local/bin/npm',
1 verbose cli   'run',
1 verbose cli   'liveServer' ]
2 info using npm@4.1.2
3 info using node@v7.7.1
4 verbose run-script [ 'preliveServer', 'liveServer', 'postliveServer' ]
5 info lifecycle intellignet-call-router@0.0.0~preliveServer: intellignet-call-router@0.0.0
6 silly lifecycle intellignet-call-router@0.0.0~preliveServer: no script for preliveServer, continuing
7 info lifecycle intellignet-call-router@0.0.0~liveServer: intellignet-call-router@0.0.0
8 verbose lifecycle intellignet-call-router@0.0.0~liveServer: unsafe-perm in lifecycle true
9 verbose lifecycle intellignet-call-router@0.0.0~liveServer: PATH: /usr/local/lib/node_modules/npm/bin/node-gyp-bin:/home/tringapps-admin/web_space/webrtc/node_modules/.bin:/usr/local/sbin:/usr/local/bin:/usr/sbin:/usr/bin:/sbin:/bin
10 verbose lifecycle intellignet-call-router@0.0.0~liveServer: CWD: /home/tringapps-admin/web_space/webrtc
11 silly lifecycle intellignet-call-router@0.0.0~liveServer: Args: [ '-c', 'node index.js --live' ]
12 silly lifecycle intellignet-call-router@0.0.0~liveServer: Returned: code: 7  signal: null
13 info lifecycle intellignet-call-router@0.0.0~liveServer: Failed to exec liveServer script
14 verbose stack Error: intellignet-call-router@0.0.0 liveServer: `node index.js --live`
14 verbose stack Exit status 7
14 verbose stack     at EventEmitter.<anonymous> (/usr/local/lib/node_modules/npm/lib/utils/lifecycle.js:279:16)
14 verbose stack     at emitTwo (events.js:106:13)
14 verbose stack     at EventEmitter.emit (events.js:194:7)
14 verbose stack     at ChildProcess.<anonymous> (/usr/local/lib/node_modules/npm/lib/utils/spawn.js:40:14)
14 verbose stack     at emitTwo (events.js:106:13)
14 verbose stack     at ChildProcess.emit (events.js:194:7)
14 verbose stack     at maybeClose (internal/child_process.js:899:16)
14 verbose stack     at Process.ChildProcess._handle.onexit (internal/child_process.js:226:5)
15 verbose pkgid intellignet-call-router@0.0.0
16 verbose cwd /home/tringapps-admin/web_space/webrtc
17 error Linux 4.4.0-72-generic
18 error argv "/usr/local/bin/node" "/usr/local/bin/npm" "run" "liveServer"
19 error node v7.7.1
20 error npm  v4.1.2
21 error code ELIFECYCLE
22 error intellignet-call-router@0.0.0 liveServer: `node index.js --live`
22 error Exit status 7
23 error Failed at the intellignet-call-router@0.0.0 liveServer script 'node index.js --live'.
23 error Make sure you have the latest version of node.js and npm installed.
23 error If you do, this is most likely a problem with the intellignet-call-router package,
23 error not with npm itself.
23 error Tell the author that this fails on your system:
23 error     node index.js --live
23 error You can get information on how to open an issue for this project with:
23 error     npm bugs intellignet-call-router
23 error Or if that isn't available, you can get their info via:
23 error     npm owner ls intellignet-call-router
23 error There is likely additional logging output above.
24 verbose exit [ 1, true ]
>>>>>>> c4c7e66602cb1dd7ce3bea830e8f92fe7d7ed253
